I0423 20:08:27.245454  207930 load.go:31] Reloading schema and connectors...
I0423 20:08:27.256694  207930 control.go:100] [projects/emulator/locations/emulator/services/skild-cacf8-service b0ac] UpdateResources(): done
Main schema: sources: schema/schema.gql [0B] 
Connector "example": sources: 
E0423 20:08:27.264828  207930 load.go:95] Errors generating SDK: [connector "example"]: invalid Data Connect Connector no query found in connector
I0423 20:08:27.266237  207930 collector.go:107] schema extensions wrote into "/home/mateus/Documents/Rocketseat/ignite/React/skild/dataconnect/.dataconnect/schema"
Generated sources: prelude.gql [82799B] 
I0423 20:08:27.266348  207930 load.go:109] Finished reloading
I0423 20:08:27.267398  207930 dev.go:104] Listening on address (HTTP + gRPC): 127.0.0.1:50001
I0423 20:08:27.450155  207930 engine.go:209] [projects/emulator/locations/emulator/services/skild-cacf8-service b0ac] ExecuteGraphqlRead query IntrospectionQuery: succeeded. 
I0423 20:16:27.267709  207930 load.go:31] Reloading schema and connectors...
I0423 20:16:27.273574  207930 control.go:100] [projects/emulator/locations/emulator/services/skild-cacf8-service ec50] UpdateResources(): done
Main schema: sources: schema/schema.gql [429B] 
Connector "example": sources: 
E0423 20:16:27.279488  207930 load.go:95] Errors generating SDK: [connector "example"]: invalid Data Connect Connector no query found in connector
I0423 20:16:27.279887  207930 collector.go:107] schema extensions wrote into "/home/mateus/Documents/Rocketseat/ignite/React/skild/dataconnect/.dataconnect/schema"
Generated sources: prelude.gql [82799B] main/implicit.gql [266B] main/input.gql [14437B] main/relation.gql [5883B] main/query.gql [2404B] main/mutation.gql [6444B] 
I0423 20:16:27.279915  207930 load.go:109] Finished reloading
I0423 20:17:07.276661  207930 load.go:31] Reloading schema and connectors...
I0423 20:17:07.288808  207930 control.go:100] [projects/emulator/locations/emulator/services/skild-cacf8-service 2a1b] UpdateResources(): done
Main schema: sources: schema/schema.gql [498B] 
Connector "example": sources: 
E0423 20:17:07.297888  207930 load.go:95] Errors generating SDK: [connector "example"]: invalid Data Connect Connector no query found in connector
I0423 20:17:07.298626  207930 collector.go:107] schema extensions wrote into "/home/mateus/Documents/Rocketseat/ignite/React/skild/dataconnect/.dataconnect/schema"
Generated sources: main/query.gql [2404B] main/mutation.gql [6444B] prelude.gql [82799B] main/implicit.gql [266B] main/input.gql [16026B] main/relation.gql [6578B] 
I0423 20:17:07.298657  207930 load.go:109] Finished reloading
I0423 20:21:23.350827  207930 engine.go:209] [projects/emulator/locations/emulator/services/skild-cacf8-service 2a1b] ExecuteGraphqlRead query IntrospectionQuery: succeeded. 
I0423 20:21:26.990649  207930 engine.go:209] [projects/emulator/locations/emulator/services/skild-cacf8-service 2a1b] ExecuteGraphqlRead query IntrospectionQuery: succeeded. 
I0423 20:24:33.568035  207930 engine.go:209] [projects/emulator/locations/emulator/services/skild-cacf8-service 2a1b] ExecuteGraphqlRead query IntrospectionQuery: succeeded. 
E0423 20:32:57.267882  207930 watch.go:40] Failed to load config from "/home/mateus/Documents/Rocketseat/ignite/React/skild/dataconnect": could not read connector.yaml at `/home/mateus/Documents/Rocketseat/ignite/React/skild/dataconnect/example/connector.yaml`: open /home/mateus/Documents/Rocketseat/ignite/React/skild/dataconnect/example/connector.yaml: no such file or directory
E0423 20:33:07.276479  207930 watch.go:40] Failed to load config from "/home/mateus/Documents/Rocketseat/ignite/React/skild/dataconnect": could not read connector.yaml at `/home/mateus/Documents/Rocketseat/ignite/React/skild/dataconnect/example/connector.yaml`: open /home/mateus/Documents/Rocketseat/ignite/React/skild/dataconnect/example/connector.yaml: no such file or directory
E0423 20:33:17.276446  207930 watch.go:40] Failed to load config from "/home/mateus/Documents/Rocketseat/ignite/React/skild/dataconnect": could not read connector.yaml at `/home/mateus/Documents/Rocketseat/ignite/React/skild/dataconnect/example/connector.yaml`: open /home/mateus/Documents/Rocketseat/ignite/React/skild/dataconnect/example/connector.yaml: no such file or directory
E0423 20:33:27.267692  207930 watch.go:40] Failed to load config from "/home/mateus/Documents/Rocketseat/ignite/React/skild/dataconnect": could not read connector.yaml at `/home/mateus/Documents/Rocketseat/ignite/React/skild/dataconnect/example/connector.yaml`: open /home/mateus/Documents/Rocketseat/ignite/React/skild/dataconnect/example/connector.yaml: no such file or directory
E0423 20:33:37.268350  207930 watch.go:40] Failed to load config from "/home/mateus/Documents/Rocketseat/ignite/React/skild/dataconnect": could not read connector.yaml at `/home/mateus/Documents/Rocketseat/ignite/React/skild/dataconnect/example/connector.yaml`: open /home/mateus/Documents/Rocketseat/ignite/React/skild/dataconnect/example/connector.yaml: no such file or directory
E0423 20:33:47.276532  207930 watch.go:40] Failed to load config from "/home/mateus/Documents/Rocketseat/ignite/React/skild/dataconnect": could not read connector.yaml at `/home/mateus/Documents/Rocketseat/ignite/React/skild/dataconnect/example/connector.yaml`: open /home/mateus/Documents/Rocketseat/ignite/React/skild/dataconnect/example/connector.yaml: no such file or directory
E0423 20:33:57.267776  207930 watch.go:40] Failed to load config from "/home/mateus/Documents/Rocketseat/ignite/React/skild/dataconnect": could not read connector.yaml at `/home/mateus/Documents/Rocketseat/ignite/React/skild/dataconnect/example/connector.yaml`: open /home/mateus/Documents/Rocketseat/ignite/React/skild/dataconnect/example/connector.yaml: no such file or directory
E0423 20:34:07.276647  207930 watch.go:40] Failed to load config from "/home/mateus/Documents/Rocketseat/ignite/React/skild/dataconnect": could not read connector.yaml at `/home/mateus/Documents/Rocketseat/ignite/React/skild/dataconnect/example/connector.yaml`: open /home/mateus/Documents/Rocketseat/ignite/React/skild/dataconnect/example/connector.yaml: no such file or directory
E0423 20:34:17.276465  207930 watch.go:40] Failed to load config from "/home/mateus/Documents/Rocketseat/ignite/React/skild/dataconnect": could not read connector.yaml at `/home/mateus/Documents/Rocketseat/ignite/React/skild/dataconnect/example/connector.yaml`: open /home/mateus/Documents/Rocketseat/ignite/React/skild/dataconnect/example/connector.yaml: no such file or directory
E0423 20:34:27.267569  207930 watch.go:40] Failed to load config from "/home/mateus/Documents/Rocketseat/ignite/React/skild/dataconnect": could not read connector.yaml at `/home/mateus/Documents/Rocketseat/ignite/React/skild/dataconnect/example/connector.yaml`: open /home/mateus/Documents/Rocketseat/ignite/React/skild/dataconnect/example/connector.yaml: no such file or directory
E0423 20:34:37.276473  207930 watch.go:40] Failed to load config from "/home/mateus/Documents/Rocketseat/ignite/React/skild/dataconnect": could not read connector.yaml at `/home/mateus/Documents/Rocketseat/ignite/React/skild/dataconnect/example/connector.yaml`: open /home/mateus/Documents/Rocketseat/ignite/React/skild/dataconnect/example/connector.yaml: no such file or directory
E0423 20:34:47.277433  207930 watch.go:40] Failed to load config from "/home/mateus/Documents/Rocketseat/ignite/React/skild/dataconnect": could not read connector.yaml at `/home/mateus/Documents/Rocketseat/ignite/React/skild/dataconnect/example/connector.yaml`: open /home/mateus/Documents/Rocketseat/ignite/React/skild/dataconnect/example/connector.yaml: no such file or directory
E0423 20:34:57.267987  207930 watch.go:40] Failed to load config from "/home/mateus/Documents/Rocketseat/ignite/React/skild/dataconnect": could not read connector.yaml at `/home/mateus/Documents/Rocketseat/ignite/React/skild/dataconnect/example/connector.yaml`: open /home/mateus/Documents/Rocketseat/ignite/React/skild/dataconnect/example/connector.yaml: no such file or directory
E0423 20:35:07.267645  207930 watch.go:40] Failed to load config from "/home/mateus/Documents/Rocketseat/ignite/React/skild/dataconnect": could not read connector.yaml at `/home/mateus/Documents/Rocketseat/ignite/React/skild/dataconnect/example/connector.yaml`: open /home/mateus/Documents/Rocketseat/ignite/React/skild/dataconnect/example/connector.yaml: no such file or directory
E0423 20:35:17.277553  207930 watch.go:40] Failed to load config from "/home/mateus/Documents/Rocketseat/ignite/React/skild/dataconnect": could not read connector.yaml at `/home/mateus/Documents/Rocketseat/ignite/React/skild/dataconnect/example/connector.yaml`: open /home/mateus/Documents/Rocketseat/ignite/React/skild/dataconnect/example/connector.yaml: no such file or directory
E0423 20:35:27.267709  207930 watch.go:40] Failed to load config from "/home/mateus/Documents/Rocketseat/ignite/React/skild/dataconnect": could not read connector.yaml at `/home/mateus/Documents/Rocketseat/ignite/React/skild/dataconnect/example/connector.yaml`: open /home/mateus/Documents/Rocketseat/ignite/React/skild/dataconnect/example/connector.yaml: no such file or directory
E0423 20:35:37.276755  207930 watch.go:40] Failed to load config from "/home/mateus/Documents/Rocketseat/ignite/React/skild/dataconnect": could not read connector.yaml at `/home/mateus/Documents/Rocketseat/ignite/React/skild/dataconnect/example/connector.yaml`: open /home/mateus/Documents/Rocketseat/ignite/React/skild/dataconnect/example/connector.yaml: no such file or directory
E0423 20:35:47.276495  207930 watch.go:40] Failed to load config from "/home/mateus/Documents/Rocketseat/ignite/React/skild/dataconnect": could not read connector.yaml at `/home/mateus/Documents/Rocketseat/ignite/React/skild/dataconnect/example/connector.yaml`: open /home/mateus/Documents/Rocketseat/ignite/React/skild/dataconnect/example/connector.yaml: no such file or directory
E0423 20:35:57.267547  207930 watch.go:40] Failed to load config from "/home/mateus/Documents/Rocketseat/ignite/React/skild/dataconnect": could not read connector.yaml at `/home/mateus/Documents/Rocketseat/ignite/React/skild/dataconnect/example/connector.yaml`: open /home/mateus/Documents/Rocketseat/ignite/React/skild/dataconnect/example/connector.yaml: no such file or directory
E0423 20:36:07.276492  207930 watch.go:40] Failed to load config from "/home/mateus/Documents/Rocketseat/ignite/React/skild/dataconnect": could not read connector.yaml at `/home/mateus/Documents/Rocketseat/ignite/React/skild/dataconnect/example/connector.yaml`: open /home/mateus/Documents/Rocketseat/ignite/React/skild/dataconnect/example/connector.yaml: no such file or directory
E0423 20:36:17.276582  207930 watch.go:40] Failed to load config from "/home/mateus/Documents/Rocketseat/ignite/React/skild/dataconnect": could not read connector.yaml at `/home/mateus/Documents/Rocketseat/ignite/React/skild/dataconnect/example/connector.yaml`: open /home/mateus/Documents/Rocketseat/ignite/React/skild/dataconnect/example/connector.yaml: no such file or directory
E0423 20:36:27.267752  207930 watch.go:40] Failed to load config from "/home/mateus/Documents/Rocketseat/ignite/React/skild/dataconnect": could not read connector.yaml at `/home/mateus/Documents/Rocketseat/ignite/React/skild/dataconnect/example/connector.yaml`: open /home/mateus/Documents/Rocketseat/ignite/React/skild/dataconnect/example/connector.yaml: no such file or directory
E0423 20:36:37.276467  207930 watch.go:40] Failed to load config from "/home/mateus/Documents/Rocketseat/ignite/React/skild/dataconnect": could not read connector.yaml at `/home/mateus/Documents/Rocketseat/ignite/React/skild/dataconnect/example/connector.yaml`: open /home/mateus/Documents/Rocketseat/ignite/React/skild/dataconnect/example/connector.yaml: no such file or directory
E0423 20:36:47.277496  207930 watch.go:40] Failed to load config from "/home/mateus/Documents/Rocketseat/ignite/React/skild/dataconnect": could not read connector.yaml at `/home/mateus/Documents/Rocketseat/ignite/React/skild/dataconnect/example/connector.yaml`: open /home/mateus/Documents/Rocketseat/ignite/React/skild/dataconnect/example/connector.yaml: no such file or directory
E0423 20:36:57.267529  207930 watch.go:40] Failed to load config from "/home/mateus/Documents/Rocketseat/ignite/React/skild/dataconnect": could not read connector.yaml at `/home/mateus/Documents/Rocketseat/ignite/React/skild/dataconnect/example/connector.yaml`: open /home/mateus/Documents/Rocketseat/ignite/React/skild/dataconnect/example/connector.yaml: no such file or directory
E0423 20:37:07.267862  207930 watch.go:40] Failed to load config from "/home/mateus/Documents/Rocketseat/ignite/React/skild/dataconnect": could not read connector.yaml at `/home/mateus/Documents/Rocketseat/ignite/React/skild/dataconnect/example/connector.yaml`: open /home/mateus/Documents/Rocketseat/ignite/React/skild/dataconnect/example/connector.yaml: no such file or directory
E0423 20:37:17.267680  207930 watch.go:40] Failed to load config from "/home/mateus/Documents/Rocketseat/ignite/React/skild/dataconnect": could not read connector.yaml at `/home/mateus/Documents/Rocketseat/ignite/React/skild/dataconnect/example/connector.yaml`: open /home/mateus/Documents/Rocketseat/ignite/React/skild/dataconnect/example/connector.yaml: no such file or directory
E0423 20:37:27.267655  207930 watch.go:40] Failed to load config from "/home/mateus/Documents/Rocketseat/ignite/React/skild/dataconnect": could not read connector.yaml at `/home/mateus/Documents/Rocketseat/ignite/React/skild/dataconnect/example/connector.yaml`: open /home/mateus/Documents/Rocketseat/ignite/React/skild/dataconnect/example/connector.yaml: no such file or directory
E0423 20:37:37.276609  207930 watch.go:40] Failed to load config from "/home/mateus/Documents/Rocketseat/ignite/React/skild/dataconnect": could not read connector.yaml at `/home/mateus/Documents/Rocketseat/ignite/React/skild/dataconnect/example/connector.yaml`: open /home/mateus/Documents/Rocketseat/ignite/React/skild/dataconnect/example/connector.yaml: no such file or directory
E0423 20:37:47.277489  207930 watch.go:40] Failed to load config from "/home/mateus/Documents/Rocketseat/ignite/React/skild/dataconnect": could not read connector.yaml at `/home/mateus/Documents/Rocketseat/ignite/React/skild/dataconnect/example/connector.yaml`: open /home/mateus/Documents/Rocketseat/ignite/React/skild/dataconnect/example/connector.yaml: no such file or directory
E0423 20:37:57.268680  207930 watch.go:40] Failed to load config from "/home/mateus/Documents/Rocketseat/ignite/React/skild/dataconnect": could not read connector.yaml at `/home/mateus/Documents/Rocketseat/ignite/React/skild/dataconnect/example/connector.yaml`: open /home/mateus/Documents/Rocketseat/ignite/React/skild/dataconnect/example/connector.yaml: no such file or directory
E0423 20:38:07.276517  207930 watch.go:40] Failed to load config from "/home/mateus/Documents/Rocketseat/ignite/React/skild/dataconnect": could not read connector.yaml at `/home/mateus/Documents/Rocketseat/ignite/React/skild/dataconnect/example/connector.yaml`: open /home/mateus/Documents/Rocketseat/ignite/React/skild/dataconnect/example/connector.yaml: no such file or directory
E0423 20:38:17.277540  207930 watch.go:40] Failed to load config from "/home/mateus/Documents/Rocketseat/ignite/React/skild/dataconnect": could not read connector.yaml at `/home/mateus/Documents/Rocketseat/ignite/React/skild/dataconnect/example/connector.yaml`: open /home/mateus/Documents/Rocketseat/ignite/React/skild/dataconnect/example/connector.yaml: no such file or directory
E0423 20:38:27.267682  207930 watch.go:40] Failed to load config from "/home/mateus/Documents/Rocketseat/ignite/React/skild/dataconnect": could not read connector.yaml at `/home/mateus/Documents/Rocketseat/ignite/React/skild/dataconnect/example/connector.yaml`: open /home/mateus/Documents/Rocketseat/ignite/React/skild/dataconnect/example/connector.yaml: no such file or directory
E0423 20:38:37.276691  207930 watch.go:40] Failed to load config from "/home/mateus/Documents/Rocketseat/ignite/React/skild/dataconnect": could not read connector.yaml at `/home/mateus/Documents/Rocketseat/ignite/React/skild/dataconnect/example/connector.yaml`: open /home/mateus/Documents/Rocketseat/ignite/React/skild/dataconnect/example/connector.yaml: no such file or directory
E0423 20:38:47.276560  207930 watch.go:40] Failed to load config from "/home/mateus/Documents/Rocketseat/ignite/React/skild/dataconnect": could not read connector.yaml at `/home/mateus/Documents/Rocketseat/ignite/React/skild/dataconnect/example/connector.yaml`: open /home/mateus/Documents/Rocketseat/ignite/React/skild/dataconnect/example/connector.yaml: no such file or directory
E0423 20:38:57.267556  207930 watch.go:40] Failed to load config from "/home/mateus/Documents/Rocketseat/ignite/React/skild/dataconnect": could not read connector.yaml at `/home/mateus/Documents/Rocketseat/ignite/React/skild/dataconnect/example/connector.yaml`: open /home/mateus/Documents/Rocketseat/ignite/React/skild/dataconnect/example/connector.yaml: no such file or directory
E0423 20:39:07.276470  207930 watch.go:40] Failed to load config from "/home/mateus/Documents/Rocketseat/ignite/React/skild/dataconnect": could not read connector.yaml at `/home/mateus/Documents/Rocketseat/ignite/React/skild/dataconnect/example/connector.yaml`: open /home/mateus/Documents/Rocketseat/ignite/React/skild/dataconnect/example/connector.yaml: no such file or directory
E0423 20:39:17.268108  207930 watch.go:40] Failed to load config from "/home/mateus/Documents/Rocketseat/ignite/React/skild/dataconnect": could not read connector.yaml at `/home/mateus/Documents/Rocketseat/ignite/React/skild/dataconnect/example/connector.yaml`: open /home/mateus/Documents/Rocketseat/ignite/React/skild/dataconnect/example/connector.yaml: no such file or directory
I0423 20:39:27.268176  207930 load.go:31] Reloading schema and connectors...
I0423 20:39:27.288326  207930 control.go:100] [projects/emulator/locations/emulator/services/skild-cacf8-service 940b] UpdateResources(): done
Main schema: sources: schema/schema.gql [498B] 
Connector "example": sources: connectors/queries.gql [455B] 
I0423 20:39:27.305649  207930 codegen.go:101] [connector "example" javascriptSdk] Generating sources into "/home/mateus/Documents/Rocketseat/ignite/React/skild/src/dataconnect-generated"
I0423 20:39:27.318350  207930 collector.go:107] schema extensions wrote into "/home/mateus/Documents/Rocketseat/ignite/React/skild/dataconnect/.dataconnect/schema"
Generated sources: main/mutation.gql [6444B] prelude.gql [82799B] main/implicit.gql [266B] main/input.gql [16026B] main/relation.gql [6578B] main/query.gql [2404B] 
I0423 20:39:27.319995  207930 collector.go:107] connector "example" javascriptSdk wrote into "/home/mateus/Documents/Rocketseat/ignite/React/skild/src/dataconnect-generated"
Generated sources: index.d.ts [1661B] index.cjs.js [1081B] react/index.cjs.js [605B] react/README.md [12918B] react/package.json [460B] react/esm/package.json [17B] .guides/setup.md [1682B] .guides/config.json [236B] package.json [853B] react/esm/index.esm.js [581B] .guides/usage.md [1571B] esm/index.esm.js [951B] esm/package.json [17B] README.md [8682B] react/index.d.ts [690B] 
I0423 20:39:27.321604  207930 installsdk.go:86] Running command: /home/mateus/.nvm/versions/node/v22.12.0/bin/npm install file:src/dataconnect-generated
I0423 20:39:56.845358  207930 load.go:109] Finished reloading
